631  [main] INFO  c.c.J.JavaPracticeApplication Ц Starting JavaPracticeApplication using Java 13.0.2 on DESKTOP-B7VVFR0 with PID 1208 (C:\Users\is-in\Desktop\”чеба\ƒжава\19\build\classes\java\main started by is-in in C:\Users\is-in\Desktop\”чеба\ƒжава\19)
635  [main] INFO  c.c.J.JavaPracticeApplication Ц No active profile set, falling back to default profiles: default
1205 [main] INFO  o.s.d.r.c.RepositoryConfigurationDelegate Ц Bootstrapping Spring Data JPA repositories in DEFAULT mode.
1250 [main] INFO  o.s.d.r.c.RepositoryConfigurationDelegate Ц Finished Spring Data repository scanning in 38 ms. Found 2 JPA repository interfaces.
1848 [main] INFO  o.s.b.w.e.tomcat.TomcatWebServer Ц Tomcat initialized with port(s): 8080 (http)
1856 [main] INFO  o.a.coyote.http11.Http11NioProtocol Ц Initializing ProtocolHandler ["http-nio-8080"]
1857 [main] INFO  o.a.catalina.core.StandardService Ц Starting service [Tomcat]
1857 [main] INFO  o.a.catalina.core.StandardEngine Ц Starting Servlet engine: [Apache Tomcat/9.0.44]
1930 [main] INFO  o.a.c.c.C.[Tomcat].[localhost].[/] Ц Initializing Spring embedded WebApplicationContext
1931 [main] INFO  o.s.b.w.s.c.ServletWebServerApplicationContext Ц Root WebApplicationContext: initialization completed in 1247 ms
2098 [main] INFO  com.zaxxer.hikari.HikariDataSource Ц HikariPool-1 - Starting...
2185 [main] INFO  com.zaxxer.hikari.HikariDataSource Ц HikariPool-1 - Start completed.
2226 [main] INFO  o.h.jpa.internal.util.LogHelper Ц HHH000204: Processing PersistenceUnitInfo [name: default]
2276 [main] INFO  org.hibernate.Version Ц HHH000412: Hibernate ORM core version 5.4.29.Final
2414 [main] INFO  o.h.annotations.common.Version Ц HCANN000001: Hibernate Commons Annotations {5.1.2.Final}
2536 [main] INFO  org.hibernate.dialect.Dialect Ц HHH000400: Using dialect: org.hibernate.dialect.PostgreSQL10Dialect
3099 [main] INFO  o.h.e.t.j.p.i.JtaPlatformInitiator Ц HHH000490: Using JtaPlatform implementation: [org.hibernate.engine.transaction.jta.platform.internal.NoJtaPlatform]
3110 [main] INFO  o.s.o.j.LocalContainerEntityManagerFactoryBean Ц Initialized JPA EntityManagerFactory for persistence unit 'default'
3376 [main] WARN  o.s.b.a.o.j.JpaBaseConfiguration$JpaWebConfiguration Ц spring.jpa.open-in-view is enabled by default. Therefore, database queries may be performed during view rendering. Explicitly configure spring.jpa.open-in-view to disable this warning
3471 [main] INFO  o.s.s.c.ThreadPoolTaskExecutor Ц Initializing ExecutorService 'applicationTaskExecutor'
3657 [main] INFO  o.a.coyote.http11.Http11NioProtocol Ц Starting ProtocolHandler ["http-nio-8080"]
3785 [main] INFO  o.s.b.w.e.tomcat.TomcatWebServer Ц Tomcat started on port(s): 8080 (http) with context path ''
3792 [main] INFO  c.c.J.JavaPracticeApplication Ц Started JavaPracticeApplication in 3.529 seconds (JVM running for 3.993)
8761 [http-nio-8080-exec-1] INFO  o.a.c.c.C.[Tomcat].[localhost].[/] Ц Initializing Spring DispatcherServlet 'dispatcherServlet'
8761 [http-nio-8080-exec-1] INFO  o.s.web.servlet.DispatcherServlet Ц Initializing Servlet 'dispatcherServlet'
8762 [http-nio-8080-exec-1] INFO  o.s.web.servlet.DispatcherServlet Ц Completed initialization in 1 ms
8787 [http-nio-8080-exec-1] INFO  c.c.J.service.OrderService Ц get sorted by date
9159 [http-nio-8080-exec-2] INFO  c.c.J.service.OrderService Ц get sorted by id
592  [main] INFO  c.c.J.JavaPracticeApplication Ц Starting JavaPracticeApplication using Java 13.0.2 on DESKTOP-B7VVFR0 with PID 14712 (C:\Users\is-in\Desktop\”чеба\ƒжава\19\build\classes\java\main started by is-in in C:\Users\is-in\Desktop\”чеба\ƒжава\19)
615  [main] INFO  c.c.J.JavaPracticeApplication Ц No active profile set, falling back to default profiles: default
1186 [main] INFO  o.s.d.r.c.RepositoryConfigurationDelegate Ц Bootstrapping Spring Data JPA repositories in DEFAULT mode.
1233 [main] INFO  o.s.d.r.c.RepositoryConfigurationDelegate Ц Finished Spring Data repository scanning in 39 ms. Found 2 JPA repository interfaces.
1818 [main] INFO  o.s.b.w.e.tomcat.TomcatWebServer Ц Tomcat initialized with port(s): 8080 (http)
1826 [main] INFO  o.a.coyote.http11.Http11NioProtocol Ц Initializing ProtocolHandler ["http-nio-8080"]
1826 [main] INFO  o.a.catalina.core.StandardService Ц Starting service [Tomcat]
1827 [main] INFO  o.a.catalina.core.StandardEngine Ц Starting Servlet engine: [Apache Tomcat/9.0.44]
1919 [main] INFO  o.a.c.c.C.[Tomcat].[localhost].[/] Ц Initializing Spring embedded WebApplicationContext
1919 [main] INFO  o.s.b.w.s.c.ServletWebServerApplicationContext Ц Root WebApplicationContext: initialization completed in 1253 ms
2085 [main] INFO  com.zaxxer.hikari.HikariDataSource Ц HikariPool-1 - Starting...
2165 [main] INFO  com.zaxxer.hikari.HikariDataSource Ц HikariPool-1 - Start completed.
2206 [main] INFO  o.h.jpa.internal.util.LogHelper Ц HHH000204: Processing PersistenceUnitInfo [name: default]
2256 [main] INFO  org.hibernate.Version Ц HHH000412: Hibernate ORM core version 5.4.29.Final
2386 [main] INFO  o.h.annotations.common.Version Ц HCANN000001: Hibernate Commons Annotations {5.1.2.Final}
2495 [main] INFO  org.hibernate.dialect.Dialect Ц HHH000400: Using dialect: org.hibernate.dialect.PostgreSQL10Dialect
3053 [main] INFO  o.h.e.t.j.p.i.JtaPlatformInitiator Ц HHH000490: Using JtaPlatform implementation: [org.hibernate.engine.transaction.jta.platform.internal.NoJtaPlatform]
3063 [main] INFO  o.s.o.j.LocalContainerEntityManagerFactoryBean Ц Initialized JPA EntityManagerFactory for persistence unit 'default'
3324 [main] WARN  o.s.b.a.o.j.JpaBaseConfiguration$JpaWebConfiguration Ц spring.jpa.open-in-view is enabled by default. Therefore, database queries may be performed during view rendering. Explicitly configure spring.jpa.open-in-view to disable this warning
3415 [main] INFO  o.s.s.c.ThreadPoolTaskExecutor Ц Initializing ExecutorService 'applicationTaskExecutor'
3600 [main] INFO  o.a.coyote.http11.Http11NioProtocol Ц Starting ProtocolHandler ["http-nio-8080"]
3727 [main] INFO  o.s.b.w.e.tomcat.TomcatWebServer Ц Tomcat started on port(s): 8080 (http) with context path ''
3736 [main] INFO  c.c.J.JavaPracticeApplication Ц Started JavaPracticeApplication in 3.506 seconds (JVM running for 3.947)
22446 [http-nio-8080-exec-1] INFO  o.a.c.c.C.[Tomcat].[localhost].[/] Ц Initializing Spring DispatcherServlet 'dispatcherServlet'
22447 [http-nio-8080-exec-1] INFO  o.s.web.servlet.DispatcherServlet Ц Initializing Servlet 'dispatcherServlet'
22448 [http-nio-8080-exec-1] INFO  o.s.web.servlet.DispatcherServlet Ц Completed initialization in 1 ms
22485 [http-nio-8080-exec-1] INFO  c.c.J.service.ItemService Ц get items by order id = 3
28812 [http-nio-8080-exec-2] INFO  c.c.J.service.ItemService Ц get sorted by date
32436 [http-nio-8080-exec-3] INFO  c.c.J.service.ItemService Ц get sorted by id
41987 [http-nio-8080-exec-4] ERROR o.a.c.c.C.[.[.[.[dispatcherServlet] Ц Servlet.service() for servlet [dispatcherServlet] in context with path [] threw exception [Request processing failed; nested exception is java.util.IllegalFormatConversionException: d != java.lang.Double] with root cause
java.util.IllegalFormatConversionException: d != java.lang.Double
	at java.base/java.util.Formatter$FormatSpecifier.failConversion(Formatter.java:4426)
	at java.base/java.util.Formatter$FormatSpecifier.printInteger(Formatter.java:2938)
	at java.base/java.util.Formatter$FormatSpecifier.print(Formatter.java:2892)
	at java.base/java.util.Formatter.format(Formatter.java:2673)
	at java.base/java.util.Formatter.format(Formatter.java:2609)
	at java.base/java.lang.String.format(String.java:3662)
	at com.company.JavaPractice.service.ItemService.addItem(ItemService.java:51)
	at com.company.JavaPractice.controller.ItemController.addItem(ItemController.java:90)
	at java.base/jdk.internal.reflect.NativeMethodAccessorImpl.invoke0(Native Method)
	at java.base/jdk.internal.reflect.NativeMethodAccessorImpl.invoke(NativeMethodAccessorImpl.java:62)
	at java.base/jdk.internal.reflect.DelegatingMethodAccessorImpl.invoke(DelegatingMethodAccessorImpl.java:43)
	at java.base/java.lang.reflect.Method.invoke(Method.java:567)
	at org.springframework.web.method.support.InvocableHandlerMethod.doInvoke(InvocableHandlerMethod.java:197)
	at org.springframework.web.method.support.InvocableHandlerMethod.invokeForRequest(InvocableHandlerMethod.java:141)
	at org.springframework.web.servlet.mvc.method.annotation.ServletInvocableHandlerMethod.invokeAndHandle(ServletInvocableHandlerMethod.java:106)
	at org.springframework.web.servlet.mvc.method.annotation.RequestMappingHandlerAdapter.invokeHandlerMethod(RequestMappingHandlerAdapter.java:894)
	at org.springframework.web.servlet.mvc.method.annotation.RequestMappingHandlerAdapter.handleInternal(RequestMappingHandlerAdapter.java:808)
	at org.springframework.web.servlet.mvc.method.AbstractHandlerMethodAdapter.handle(AbstractHandlerMethodAdapter.java:87)
	at org.springframework.web.servlet.DispatcherServlet.doDispatch(DispatcherServlet.java:1060)
	at org.springframework.web.servlet.DispatcherServlet.doService(DispatcherServlet.java:962)
	at org.springframework.web.servlet.FrameworkServlet.processRequest(FrameworkServlet.java:1006)
	at org.springframework.web.servlet.FrameworkServlet.doPost(FrameworkServlet.java:909)
	at javax.servlet.http.HttpServlet.service(HttpServlet.java:652)
	at org.springframework.web.servlet.FrameworkServlet.service(FrameworkServlet.java:883)
	at javax.servlet.http.HttpServlet.service(HttpServlet.java:733)
	at org.apache.catalina.core.ApplicationFilterChain.internalDoFilter(ApplicationFilterChain.java:227)
	at org.apache.catalina.core.ApplicationFilterChain.doFilter(ApplicationFilterChain.java:162)
	at org.apache.tomcat.websocket.server.WsFilter.doFilter(WsFilter.java:53)
	at org.apache.catalina.core.ApplicationFilterChain.internalDoFilter(ApplicationFilterChain.java:189)
	at org.apache.catalina.core.ApplicationFilterChain.doFilter(ApplicationFilterChain.java:162)
	at org.springframework.web.filter.RequestContextFilter.doFilterInternal(RequestContextFilter.java:100)
	at org.springframework.web.filter.OncePerRequestFilter.doFilter(OncePerRequestFilter.java:119)
	at org.apache.catalina.core.ApplicationFilterChain.internalDoFilter(ApplicationFilterChain.java:189)
	at org.apache.catalina.core.ApplicationFilterChain.doFilter(ApplicationFilterChain.java:162)
	at org.springframework.web.filter.FormContentFilter.doFilterInternal(FormContentFilter.java:93)
	at org.springframework.web.filter.OncePerRequestFilter.doFilter(OncePerRequestFilter.java:119)
	at org.apache.catalina.core.ApplicationFilterChain.internalDoFilter(ApplicationFilterChain.java:189)
	at org.apache.catalina.core.ApplicationFilterChain.doFilter(ApplicationFilterChain.java:162)
	at org.springframework.web.filter.CharacterEncodingFilter.doFilterInternal(CharacterEncodingFilter.java:201)
	at org.springframework.web.filter.OncePerRequestFilter.doFilter(OncePerRequestFilter.java:119)
	at org.apache.catalina.core.ApplicationFilterChain.internalDoFilter(ApplicationFilterChain.java:189)
	at org.apache.catalina.core.ApplicationFilterChain.doFilter(ApplicationFilterChain.java:162)
	at org.apache.catalina.core.StandardWrapperValve.invoke(StandardWrapperValve.java:202)
	at org.apache.catalina.core.StandardContextValve.invoke(StandardContextValve.java:97)
	at org.apache.catalina.authenticator.AuthenticatorBase.invoke(AuthenticatorBase.java:542)
	at org.apache.catalina.core.StandardHostValve.invoke(StandardHostValve.java:143)
	at org.apache.catalina.valves.ErrorReportValve.invoke(ErrorReportValve.java:92)
	at org.apache.catalina.core.StandardEngineValve.invoke(StandardEngineValve.java:78)
	at org.apache.catalina.connector.CoyoteAdapter.service(CoyoteAdapter.java:357)
	at org.apache.coyote.http11.Http11Processor.service(Http11Processor.java:374)
	at org.apache.coyote.AbstractProcessorLight.process(AbstractProcessorLight.java:65)
	at org.apache.coyote.AbstractProtocol$ConnectionHandler.process(AbstractProtocol.java:893)
	at org.apache.tomcat.util.net.NioEndpoint$SocketProcessor.doRun(NioEndpoint.java:1707)
	at org.apache.tomcat.util.net.SocketProcessorBase.run(SocketProcessorBase.java:49)
	at java.base/java.util.concurrent.ThreadPoolExecutor.runWorker(ThreadPoolExecutor.java:1128)
	at java.base/java.util.concurrent.ThreadPoolExecutor$Worker.run(ThreadPoolExecutor.java:628)
	at org.apache.tomcat.util.threads.TaskThread$WrappingRunnable.run(TaskThread.java:61)
	at java.base/java.lang.Thread.run(Thread.java:847)
638  [main] INFO  c.c.J.JavaPracticeApplication Ц Starting JavaPracticeApplication using Java 13.0.2 on DESKTOP-B7VVFR0 with PID 6696 (C:\Users\is-in\Desktop\”чеба\ƒжава\19\build\classes\java\main started by is-in in C:\Users\is-in\Desktop\”чеба\ƒжава\19)
642  [main] INFO  c.c.J.JavaPracticeApplication Ц No active profile set, falling back to default profiles: default
1203 [main] INFO  o.s.d.r.c.RepositoryConfigurationDelegate Ц Bootstrapping Spring Data JPA repositories in DEFAULT mode.
1251 [main] INFO  o.s.d.r.c.RepositoryConfigurationDelegate Ц Finished Spring Data repository scanning in 40 ms. Found 2 JPA repository interfaces.
1825 [main] INFO  o.s.b.w.e.tomcat.TomcatWebServer Ц Tomcat initialized with port(s): 8080 (http)
1832 [main] INFO  o.a.coyote.http11.Http11NioProtocol Ц Initializing ProtocolHandler ["http-nio-8080"]
1833 [main] INFO  o.a.catalina.core.StandardService Ц Starting service [Tomcat]
1833 [main] INFO  o.a.catalina.core.StandardEngine Ц Starting Servlet engine: [Apache Tomcat/9.0.44]
1912 [main] INFO  o.a.c.c.C.[Tomcat].[localhost].[/] Ц Initializing Spring embedded WebApplicationContext
1912 [main] INFO  o.s.b.w.s.c.ServletWebServerApplicationContext Ц Root WebApplicationContext: initialization completed in 1221 ms
2087 [main] INFO  com.zaxxer.hikari.HikariDataSource Ц HikariPool-1 - Starting...
2170 [main] INFO  com.zaxxer.hikari.HikariDataSource Ц HikariPool-1 - Start completed.
2210 [main] INFO  o.h.jpa.internal.util.LogHelper Ц HHH000204: Processing PersistenceUnitInfo [name: default]
2261 [main] INFO  org.hibernate.Version Ц HHH000412: Hibernate ORM core version 5.4.29.Final
2395 [main] INFO  o.h.annotations.common.Version Ц HCANN000001: Hibernate Commons Annotations {5.1.2.Final}
2512 [main] INFO  org.hibernate.dialect.Dialect Ц HHH000400: Using dialect: org.hibernate.dialect.PostgreSQL10Dialect
3085 [main] INFO  o.h.e.t.j.p.i.JtaPlatformInitiator Ц HHH000490: Using JtaPlatform implementation: [org.hibernate.engine.transaction.jta.platform.internal.NoJtaPlatform]
3094 [main] INFO  o.s.o.j.LocalContainerEntityManagerFactoryBean Ц Initialized JPA EntityManagerFactory for persistence unit 'default'
3369 [main] WARN  o.s.b.a.o.j.JpaBaseConfiguration$JpaWebConfiguration Ц spring.jpa.open-in-view is enabled by default. Therefore, database queries may be performed during view rendering. Explicitly configure spring.jpa.open-in-view to disable this warning
3462 [main] INFO  o.s.s.c.ThreadPoolTaskExecutor Ц Initializing ExecutorService 'applicationTaskExecutor'
3650 [main] INFO  o.a.coyote.http11.Http11NioProtocol Ц Starting ProtocolHandler ["http-nio-8080"]
3777 [main] INFO  o.s.b.w.e.tomcat.TomcatWebServer Ц Tomcat started on port(s): 8080 (http) with context path ''
3784 [main] INFO  c.c.J.JavaPracticeApplication Ц Started JavaPracticeApplication in 3.514 seconds (JVM running for 3.992)
9538 [http-nio-8080-exec-1] INFO  o.a.c.c.C.[Tomcat].[localhost].[/] Ц Initializing Spring DispatcherServlet 'dispatcherServlet'
9538 [http-nio-8080-exec-1] INFO  o.s.web.servlet.DispatcherServlet Ц Initializing Servlet 'dispatcherServlet'
9541 [http-nio-8080-exec-1] INFO  o.s.web.servlet.DispatcherServlet Ц Completed initialization in 2 ms
9579 [http-nio-8080-exec-1] INFO  c.c.J.service.ItemService Ц add item with {
	orderId: 3,
creationDate: 2010-11-10,
	name: Dark
	price: 11,000000
}
9654 [http-nio-8080-exec-2] INFO  c.c.J.service.ItemService Ц get items by order id = 3
582  [main] INFO  c.c.J.JavaPracticeApplication Ц Starting JavaPracticeApplication using Java 13.0.2 on DESKTOP-B7VVFR0 with PID 17392 (C:\Users\is-in\Desktop\”чеба\ƒжава\19\build\classes\java\main started by is-in in C:\Users\is-in\Desktop\”чеба\ƒжава\19)
588  [main] INFO  c.c.J.JavaPracticeApplication Ц No active profile set, falling back to default profiles: default
1129 [main] INFO  o.s.d.r.c.RepositoryConfigurationDelegate Ц Bootstrapping Spring Data JPA repositories in DEFAULT mode.
1175 [main] INFO  o.s.d.r.c.RepositoryConfigurationDelegate Ц Finished Spring Data repository scanning in 39 ms. Found 2 JPA repository interfaces.
1743 [main] INFO  o.s.b.w.e.tomcat.TomcatWebServer Ц Tomcat initialized with port(s): 8080 (http)
1751 [main] INFO  o.a.coyote.http11.Http11NioProtocol Ц Initializing ProtocolHandler ["http-nio-8080"]
1751 [main] INFO  o.a.catalina.core.StandardService Ц Starting service [Tomcat]
1752 [main] INFO  o.a.catalina.core.StandardEngine Ц Starting Servlet engine: [Apache Tomcat/9.0.44]
1825 [main] INFO  o.a.c.c.C.[Tomcat].[localhost].[/] Ц Initializing Spring embedded WebApplicationContext
1825 [main] INFO  o.s.b.w.s.c.ServletWebServerApplicationContext Ц Root WebApplicationContext: initialization completed in 1193 ms
1979 [main] INFO  com.zaxxer.hikari.HikariDataSource Ц HikariPool-1 - Starting...
2063 [main] INFO  com.zaxxer.hikari.HikariDataSource Ц HikariPool-1 - Start completed.
2102 [main] INFO  o.h.jpa.internal.util.LogHelper Ц HHH000204: Processing PersistenceUnitInfo [name: default]
2151 [main] INFO  org.hibernate.Version Ц HHH000412: Hibernate ORM core version 5.4.29.Final
2295 [main] INFO  o.h.annotations.common.Version Ц HCANN000001: Hibernate Commons Annotations {5.1.2.Final}
2403 [main] INFO  org.hibernate.dialect.Dialect Ц HHH000400: Using dialect: org.hibernate.dialect.PostgreSQL10Dialect
2956 [main] INFO  o.h.e.t.j.p.i.JtaPlatformInitiator Ц HHH000490: Using JtaPlatform implementation: [org.hibernate.engine.transaction.jta.platform.internal.NoJtaPlatform]
2964 [main] INFO  o.s.o.j.LocalContainerEntityManagerFactoryBean Ц Initialized JPA EntityManagerFactory for persistence unit 'default'
3221 [main] WARN  o.s.b.a.o.j.JpaBaseConfiguration$JpaWebConfiguration Ц spring.jpa.open-in-view is enabled by default. Therefore, database queries may be performed during view rendering. Explicitly configure spring.jpa.open-in-view to disable this warning
3312 [main] INFO  o.s.s.c.ThreadPoolTaskExecutor Ц Initializing ExecutorService 'applicationTaskExecutor'
3511 [main] INFO  o.a.coyote.http11.Http11NioProtocol Ц Starting ProtocolHandler ["http-nio-8080"]
3630 [main] INFO  o.s.b.w.e.tomcat.TomcatWebServer Ц Tomcat started on port(s): 8080 (http) with context path ''
3637 [main] INFO  c.c.J.JavaPracticeApplication Ц Started JavaPracticeApplication in 3.408 seconds (JVM running for 3.845)
12942 [http-nio-8080-exec-1] INFO  o.a.c.c.C.[Tomcat].[localhost].[/] Ц Initializing Spring DispatcherServlet 'dispatcherServlet'
12943 [http-nio-8080-exec-1] INFO  o.s.web.servlet.DispatcherServlet Ц Initializing Servlet 'dispatcherServlet'
12945 [http-nio-8080-exec-1] INFO  o.s.web.servlet.DispatcherServlet Ц Completed initialization in 2 ms
12984 [http-nio-8080-exec-1] INFO  c.c.J.service.ItemService Ц add item with {
	orderId: 3,
	creationDate: 2020-10-10,
	name: Fer
	price: 112,000000
}
13060 [http-nio-8080-exec-2] INFO  c.c.J.service.ItemService Ц get items by order id = 3
34720 [http-nio-8080-exec-4] WARN  o.s.w.s.m.s.DefaultHandlerExceptionResolver Ц Resolved [org.springframework.web.bind.MissingServletRequestParameterException: Required Date parameter 'orderDate' is not present]
37966 [http-nio-8080-exec-5] INFO  c.c.J.service.OrderService Ц Add order, orderDate = 1981-11-10
131234 [http-nio-8080-exec-9] WARN  o.s.w.s.m.s.DefaultHandlerExceptionResolver Ц Resolved [org.springframework.web.bind.MissingServletRequestParameterException: Required Date parameter 'orderDate' is not present]
